2020-11-30 00:12:46 startup archives unpack
2020-11-30 00:12:47 install libdb5.3:armhf <none> 5.3.28+dfsg1-0.6ubuntu1
2020-11-30 00:12:47 status triggers-pending libc-bin:arm64 2.30-0ubuntu2.2
2020-11-30 00:12:47 status half-installed libdb5.3:armhf 5.3.28+dfsg1-0.6ubuntu1
2020-11-30 00:12:48 status unpacked libdb5.3:armhf 5.3.28+dfsg1-0.6ubuntu1
2020-11-30 00:12:48 install libreadline8:armhf <none> 8.0-3
2020-11-30 00:12:48 status half-installed libreadline8:armhf 8.0-3
2020-11-30 00:12:48 status unpacked libreadline8:armhf 8.0-3
2020-11-30 00:12:48 install libsqlite3-0:armhf <none> 3.29.0-2ubuntu0.3
2020-11-30 00:12:48 status half-installed libsqlite3-0:armhf 3.29.0-2ubuntu0.3
2020-11-30 00:12:48 status unpacked libsqlite3-0:armhf 3.29.0-2ubuntu0.3
2020-11-30 00:12:49 install libpsl5:armhf <none> 0.20.2-2
2020-11-30 00:12:49 status half-installed libpsl5:armhf 0.20.2-2
2020-11-30 00:12:49 status unpacked libpsl5:armhf 0.20.2-2
2020-11-30 00:12:49 install liba52-0.7.4:armhf <none> 0.7.4-19
2020-11-30 00:12:49 status half-installed liba52-0.7.4:armhf 0.7.4-19
2020-11-30 00:12:49 status unpacked liba52-0.7.4:armhf 0.7.4-19
2020-11-30 00:12:49 install libroken18-heimdal:armhf <none> 7.5.0+dfsg-3build1
2020-11-30 00:12:49 status half-installed libroken18-heimdal:armhf 7.5.0+dfsg-3build1
2020-11-30 00:12:49 status unpacked libroken18-heimdal:armhf 7.5.0+dfsg-3build1
2020-11-30 00:12:50 install libasn1-8-heimdal:armhf <none> 7.5.0+dfsg-3build1
2020-11-30 00:12:50 status half-installed libasn1-8-heimdal:armhf 7.5.0+dfsg-3build1
2020-11-30 00:12:50 status unpacked libasn1-8-heimdal:armhf 7.5.0+dfsg-3build1
2020-11-30 00:12:50 install libheimbase1-heimdal:armhf <none> 7.5.0+dfsg-3build1
2020-11-30 00:12:50 status half-installed libheimbase1-heimdal:armhf 7.5.0+dfsg-3build1
2020-11-30 00:12:50 status unpacked libheimbase1-heimdal:armhf 7.5.0+dfsg-3build1
2020-11-30 00:12:50 install libhcrypto4-heimdal:armhf <none> 7.5.0+dfsg-3build1
2020-11-30 00:12:50 status half-installed libhcrypto4-heimdal:armhf 7.5.0+dfsg-3build1
2020-11-30 00:12:50 status unpacked libhcrypto4-heimdal:armhf 7.5.0+dfsg-3build1
2020-11-30 00:12:50 install libwind0-heimdal:armhf <none> 7.5.0+dfsg-3build1
2020-11-30 00:12:50 status half-installed libwind0-heimdal:armhf 7.5.0+dfsg-3build1
2020-11-30 00:12:50 status unpacked libwind0-heimdal:armhf 7.5.0+dfsg-3build1
2020-11-30 00:12:50 install libhx509-5-heimdal:armhf <none> 7.5.0+dfsg-3build1
2020-11-30 00:12:50 status half-installed libhx509-5-heimdal:armhf 7.5.0+dfsg-3build1
2020-11-30 00:12:51 status unpacked libhx509-5-heimdal:armhf 7.5.0+dfsg-3build1
2020-11-30 00:12:51 install libkrb5-26-heimdal:armhf <none> 7.5.0+dfsg-3build1
2020-11-30 00:12:51 status half-installed libkrb5-26-heimdal:armhf 7.5.0+dfsg-3build1
2020-11-30 00:12:51 status unpacked libkrb5-26-heimdal:armhf 7.5.0+dfsg-3build1
2020-11-30 00:12:51 install libheimntlm0-heimdal:armhf <none> 7.5.0+dfsg-3build1
2020-11-30 00:12:51 status half-installed libheimntlm0-heimdal:armhf 7.5.0+dfsg-3build1
2020-11-30 00:12:51 status unpacked libheimntlm0-heimdal:armhf 7.5.0+dfsg-3build1
2020-11-30 00:12:51 install libgssapi3-heimdal:armhf <none> 7.5.0+dfsg-3build1
2020-11-30 00:12:51 status half-installed libgssapi3-heimdal:armhf 7.5.0+dfsg-3build1
2020-11-30 00:12:51 status unpacked libgssapi3-heimdal:armhf 7.5.0+dfsg-3build1
2020-11-30 00:12:51 install libsasl2-modules-db:armhf <none> 2.1.27+dfsg-1ubuntu0.1
2020-11-30 00:12:51 status half-installed libsasl2-modules-db:armhf 2.1.27+dfsg-1ubuntu0.1
2020-11-30 00:12:51 status unpacked libsasl2-modules-db:armhf 2.1.27+dfsg-1ubuntu0.1
2020-11-30 00:12:52 install libsasl2-2:armhf <none> 2.1.27+dfsg-1ubuntu0.1
2020-11-30 00:12:52 status half-installed libsasl2-2:armhf 2.1.27+dfsg-1ubuntu0.1
2020-11-30 00:12:52 status unpacked libsasl2-2:armhf 2.1.27+dfsg-1ubuntu0.1
2020-11-30 00:12:52 install libldap-2.4-2:armhf <none> 2.4.48+dfsg-1ubuntu1.2
2020-11-30 00:12:52 status half-installed libldap-2.4-2:armhf 2.4.48+dfsg-1ubuntu1.2
2020-11-30 00:12:52 status unpacked libldap-2.4-2:armhf 2.4.48+dfsg-1ubuntu1.2
2020-11-30 00:12:52 install libnghttp2-14:armhf <none> 1.39.2-1
2020-11-30 00:12:52 status half-installed libnghttp2-14:armhf 1.39.2-1
2020-11-30 00:12:52 status unpacked libnghttp2-14:armhf 1.39.2-1
2020-11-30 00:12:52 install librtmp1:armhf <none> 2.4+20151223.gitfa8646d.1-2
2020-11-30 00:12:52 status half-installed librtmp1:armhf 2.4+20151223.gitfa8646d.1-2
2020-11-30 00:12:52 status unpacked librtmp1:armhf 2.4+20151223.gitfa8646d.1-2
2020-11-30 00:12:52 install libssh-4:armhf <none> 0.9.0-1ubuntu1.4
2020-11-30 00:12:52 status half-installed libssh-4:armhf 0.9.0-1ubuntu1.4
2020-11-30 00:12:53 status unpacked libssh-4:armhf 0.9.0-1ubuntu1.4
2020-11-30 00:12:53 install libcurl4:armhf <none> 7.65.3-1ubuntu3.1
2020-11-30 00:12:53 status half-installed libcurl4:armhf 7.65.3-1ubuntu3.1
2020-11-30 00:12:53 status unpacked libcurl4:armhf 7.65.3-1ubuntu3.1
2020-11-30 00:12:53 install libfaad2:armhf <none> 2.8.8-3.2
2020-11-30 00:12:53 status half-installed libfaad2:armhf 2.8.8-3.2
2020-11-30 00:12:53 status unpacked libfaad2:armhf 2.8.8-3.2
2020-11-30 00:12:53 install libfluidsynth1:armhf <none> 1.1.11-4
2020-11-30 00:12:53 status half-installed libfluidsynth1:armhf 1.1.11-4
2020-11-30 00:12:54 status unpacked libfluidsynth1:armhf 1.1.11-4
2020-11-30 00:12:54 install libjpeg62:armhf <none> 1:6b2-3
2020-11-30 00:12:54 status half-installed libjpeg62:armhf 1:6b2-3
2020-11-30 00:12:54 status unpacked libjpeg62:armhf 1:6b2-3
2020-11-30 00:12:54 install libmad0:armhf <none> 0.15.1b-10ubuntu1
2020-11-30 00:12:54 status half-installed libmad0:armhf 0.15.1b-10ubuntu1
2020-11-30 00:12:54 status unpacked libmad0:armhf 0.15.1b-10ubuntu1
2020-11-30 00:12:55 install libpnglite0:armhf <none> 0.1.17-2
2020-11-30 00:12:55 status half-installed libpnglite0:armhf 0.1.17-2
2020-11-30 00:12:55 status unpacked libpnglite0:armhf 0.1.17-2
2020-11-30 00:12:55 install libsasl2-modules:armhf <none> 2.1.27+dfsg-1ubuntu0.1
2020-11-30 00:12:55 status half-installed libsasl2-modules:armhf 2.1.27+dfsg-1ubuntu0.1
2020-11-30 00:12:55 status unpacked libsasl2-modules:armhf 2.1.27+dfsg-1ubuntu0.1
2020-11-30 00:12:55 install libogg-dbg:armhf <none> 1.3.4-0ubuntu1
2020-11-30 00:12:55 status half-installed libogg-dbg:armhf 1.3.4-0ubuntu1
2020-11-30 00:12:55 status unpacked libogg-dbg:armhf 1.3.4-0ubuntu1
2020-11-30 00:12:55 install libspeechd2:armhf <none> 0.9.1-2
2020-11-30 00:12:55 status half-installed libspeechd2:armhf 0.9.1-2
2020-11-30 00:12:55 status unpacked libspeechd2:armhf 0.9.1-2
2020-11-30 00:12:55 startup packages configure
2020-11-30 00:12:55 configure libpsl5:armhf 0.20.2-2 <none>
2020-11-30 00:12:55 status unpacked libpsl5:armhf 0.20.2-2
2020-11-30 00:12:55 status half-configured libpsl5:armhf 0.20.2-2
2020-11-30 00:12:55 status installed libpsl5:armhf 0.20.2-2
2020-11-30 00:12:55 configure libjpeg62:armhf 1:6b2-3 <none>
2020-11-30 00:12:55 status unpacked libjpeg62:armhf 1:6b2-3
2020-11-30 00:12:55 status half-configured libjpeg62:armhf 1:6b2-3
2020-11-30 00:12:55 status installed libjpeg62:armhf 1:6b2-3
2020-11-30 00:12:55 configure libreadline8:armhf 8.0-3 <none>
2020-11-30 00:12:55 status unpacked libreadline8:armhf 8.0-3
2020-11-30 00:12:55 status half-configured libreadline8:armhf 8.0-3
2020-11-30 00:12:55 status installed libreadline8:armhf 8.0-3
2020-11-30 00:12:55 configure libsqlite3-0:armhf 3.29.0-2ubuntu0.3 <none>
2020-11-30 00:12:55 status unpacked libsqlite3-0:armhf 3.29.0-2ubuntu0.3
2020-11-30 00:12:56 status half-configured libsqlite3-0:armhf 3.29.0-2ubuntu0.3
2020-11-30 00:12:56 status installed libsqlite3-0:armhf 3.29.0-2ubuntu0.3
2020-11-30 00:12:56 configure libsasl2-modules:armhf 2.1.27+dfsg-1ubuntu0.1 <none>
2020-11-30 00:12:56 status unpacked libsasl2-modules:armhf 2.1.27+dfsg-1ubuntu0.1
2020-11-30 00:12:56 status half-configured libsasl2-modules:armhf 2.1.27+dfsg-1ubuntu0.1
2020-11-30 00:12:56 status installed libsasl2-modules:armhf 2.1.27+dfsg-1ubuntu0.1
2020-11-30 00:12:56 configure libnghttp2-14:armhf 1.39.2-1 <none>
2020-11-30 00:12:56 status unpacked libnghttp2-14:armhf 1.39.2-1
2020-11-30 00:12:56 status half-configured libnghttp2-14:armhf 1.39.2-1
2020-11-30 00:12:56 status installed libnghttp2-14:armhf 1.39.2-1
2020-11-30 00:12:56 configure libpnglite0:armhf 0.1.17-2 <none>
2020-11-30 00:12:56 status unpacked libpnglite0:armhf 0.1.17-2
2020-11-30 00:12:56 status half-configured libpnglite0:armhf 0.1.17-2
2020-11-30 00:12:56 status installed libpnglite0:armhf 0.1.17-2
2020-11-30 00:12:56 configure libspeechd2:armhf 0.9.1-2 <none>
2020-11-30 00:12:56 status unpacked libspeechd2:armhf 0.9.1-2
2020-11-30 00:12:56 status half-configured libspeechd2:armhf 0.9.1-2
2020-11-30 00:12:56 status installed libspeechd2:armhf 0.9.1-2
2020-11-30 00:12:56 configure liba52-0.7.4:armhf 0.7.4-19 <none>
2020-11-30 00:12:56 status unpacked liba52-0.7.4:armhf 0.7.4-19
2020-11-30 00:12:56 status half-configured liba52-0.7.4:armhf 0.7.4-19
2020-11-30 00:12:56 status installed liba52-0.7.4:armhf 0.7.4-19
2020-11-30 00:12:56 configure libogg-dbg:armhf 1.3.4-0ubuntu1 <none>
2020-11-30 00:12:56 status unpacked libogg-dbg:armhf 1.3.4-0ubuntu1
2020-11-30 00:12:56 status half-configured libogg-dbg:armhf 1.3.4-0ubuntu1
2020-11-30 00:12:56 status installed libogg-dbg:armhf 1.3.4-0ubuntu1
2020-11-30 00:12:56 configure librtmp1:armhf 2.4+20151223.gitfa8646d.1-2 <none>
2020-11-30 00:12:56 status unpacked librtmp1:armhf 2.4+20151223.gitfa8646d.1-2
2020-11-30 00:12:56 status half-configured librtmp1:armhf 2.4+20151223.gitfa8646d.1-2
2020-11-30 00:12:56 status installed librtmp1:armhf 2.4+20151223.gitfa8646d.1-2
2020-11-30 00:12:56 configure libfaad2:armhf 2.8.8-3.2 <none>
2020-11-30 00:12:56 status unpacked libfaad2:armhf 2.8.8-3.2
2020-11-30 00:12:56 status half-configured libfaad2:armhf 2.8.8-3.2
2020-11-30 00:12:56 status installed libfaad2:armhf 2.8.8-3.2
2020-11-30 00:12:56 configure libssh-4:armhf 0.9.0-1ubuntu1.4 <none>
2020-11-30 00:12:56 status unpacked libssh-4:armhf 0.9.0-1ubuntu1.4
2020-11-30 00:12:56 status half-configured libssh-4:armhf 0.9.0-1ubuntu1.4
2020-11-30 00:12:56 status installed libssh-4:armhf 0.9.0-1ubuntu1.4
2020-11-30 00:12:56 configure libroken18-heimdal:armhf 7.5.0+dfsg-3build1 <none>
2020-11-30 00:12:56 status unpacked libroken18-heimdal:armhf 7.5.0+dfsg-3build1
2020-11-30 00:12:56 status half-configured libroken18-heimdal:armhf 7.5.0+dfsg-3build1
2020-11-30 00:12:56 status installed libroken18-heimdal:armhf 7.5.0+dfsg-3build1
2020-11-30 00:12:56 configure libmad0:armhf 0.15.1b-10ubuntu1 <none>
2020-11-30 00:12:56 status unpacked libmad0:armhf 0.15.1b-10ubuntu1
2020-11-30 00:12:56 status half-configured libmad0:armhf 0.15.1b-10ubuntu1
2020-11-30 00:12:56 status installed libmad0:armhf 0.15.1b-10ubuntu1
2020-11-30 00:12:56 configure libdb5.3:armhf 5.3.28+dfsg1-0.6ubuntu1 <none>
2020-11-30 00:12:56 status unpacked libdb5.3:armhf 5.3.28+dfsg1-0.6ubuntu1
2020-11-30 00:12:56 status half-configured libdb5.3:armhf 5.3.28+dfsg1-0.6ubuntu1
2020-11-30 00:12:56 status installed libdb5.3:armhf 5.3.28+dfsg1-0.6ubuntu1
2020-11-30 00:12:56 configure libheimbase1-heimdal:armhf 7.5.0+dfsg-3build1 <none>
2020-11-30 00:12:56 status unpacked libheimbase1-heimdal:armhf 7.5.0+dfsg-3build1
2020-11-30 00:12:56 status half-configured libheimbase1-heimdal:armhf 7.5.0+dfsg-3build1
2020-11-30 00:12:56 status installed libheimbase1-heimdal:armhf 7.5.0+dfsg-3build1
2020-11-30 00:12:56 configure libfluidsynth1:armhf 1.1.11-4 <none>
2020-11-30 00:12:56 status unpacked libfluidsynth1:armhf 1.1.11-4
2020-11-30 00:12:56 status half-configured libfluidsynth1:armhf 1.1.11-4
2020-11-30 00:12:56 status installed libfluidsynth1:armhf 1.1.11-4
2020-11-30 00:12:56 configure libasn1-8-heimdal:armhf 7.5.0+dfsg-3build1 <none>
2020-11-30 00:12:56 status unpacked libasn1-8-heimdal:armhf 7.5.0+dfsg-3build1
2020-11-30 00:12:56 status half-configured libasn1-8-heimdal:armhf 7.5.0+dfsg-3build1
2020-11-30 00:12:56 status installed libasn1-8-heimdal:armhf 7.5.0+dfsg-3build1
2020-11-30 00:12:56 configure libhcrypto4-heimdal:armhf 7.5.0+dfsg-3build1 <none>
2020-11-30 00:12:56 status unpacked libhcrypto4-heimdal:armhf 7.5.0+dfsg-3build1
2020-11-30 00:12:56 status half-configured libhcrypto4-heimdal:armhf 7.5.0+dfsg-3build1
2020-11-30 00:12:56 status installed libhcrypto4-heimdal:armhf 7.5.0+dfsg-3build1
2020-11-30 00:12:56 configure libsasl2-modules-db:armhf 2.1.27+dfsg-1ubuntu0.1 <none>
2020-11-30 00:12:56 status unpacked libsasl2-modules-db:armhf 2.1.27+dfsg-1ubuntu0.1
2020-11-30 00:12:56 status half-configured libsasl2-modules-db:armhf 2.1.27+dfsg-1ubuntu0.1
2020-11-30 00:12:56 status installed libsasl2-modules-db:armhf 2.1.27+dfsg-1ubuntu0.1
2020-11-30 00:12:56 configure libwind0-heimdal:armhf 7.5.0+dfsg-3build1 <none>
2020-11-30 00:12:56 status unpacked libwind0-heimdal:armhf 7.5.0+dfsg-3build1
2020-11-30 00:12:56 status half-configured libwind0-heimdal:armhf 7.5.0+dfsg-3build1
2020-11-30 00:12:56 status installed libwind0-heimdal:armhf 7.5.0+dfsg-3build1
2020-11-30 00:12:56 configure libsasl2-2:armhf 2.1.27+dfsg-1ubuntu0.1 <none>
2020-11-30 00:12:56 status unpacked libsasl2-2:armhf 2.1.27+dfsg-1ubuntu0.1
2020-11-30 00:12:56 status half-configured libsasl2-2:armhf 2.1.27+dfsg-1ubuntu0.1
2020-11-30 00:12:56 status installed libsasl2-2:armhf 2.1.27+dfsg-1ubuntu0.1
2020-11-30 00:12:56 configure libhx509-5-heimdal:armhf 7.5.0+dfsg-3build1 <none>
2020-11-30 00:12:56 status unpacked libhx509-5-heimdal:armhf 7.5.0+dfsg-3build1
2020-11-30 00:12:56 status half-configured libhx509-5-heimdal:armhf 7.5.0+dfsg-3build1
2020-11-30 00:12:56 status installed libhx509-5-heimdal:armhf 7.5.0+dfsg-3build1
2020-11-30 00:12:56 configure libkrb5-26-heimdal:armhf 7.5.0+dfsg-3build1 <none>
2020-11-30 00:12:56 status unpacked libkrb5-26-heimdal:armhf 7.5.0+dfsg-3build1
2020-11-30 00:12:56 status half-configured libkrb5-26-heimdal:armhf 7.5.0+dfsg-3build1
2020-11-30 00:12:56 status installed libkrb5-26-heimdal:armhf 7.5.0+dfsg-3build1
2020-11-30 00:12:56 configure libheimntlm0-heimdal:armhf 7.5.0+dfsg-3build1 <none>
2020-11-30 00:12:56 status unpacked libheimntlm0-heimdal:armhf 7.5.0+dfsg-3build1
2020-11-30 00:12:56 status half-configured libheimntlm0-heimdal:armhf 7.5.0+dfsg-3build1
2020-11-30 00:12:56 status installed libheimntlm0-heimdal:armhf 7.5.0+dfsg-3build1
2020-11-30 00:12:56 configure libgssapi3-heimdal:armhf 7.5.0+dfsg-3build1 <none>
2020-11-30 00:12:56 status unpacked libgssapi3-heimdal:armhf 7.5.0+dfsg-3build1
2020-11-30 00:12:56 status half-configured libgssapi3-heimdal:armhf 7.5.0+dfsg-3build1
2020-11-30 00:12:56 status installed libgssapi3-heimdal:armhf 7.5.0+dfsg-3build1
2020-11-30 00:12:56 configure libldap-2.4-2:armhf 2.4.48+dfsg-1ubuntu1.2 <none>
2020-11-30 00:12:56 status unpacked libldap-2.4-2:armhf 2.4.48+dfsg-1ubuntu1.2
2020-11-30 00:12:56 status half-configured libldap-2.4-2:armhf 2.4.48+dfsg-1ubuntu1.2
2020-11-30 00:12:57 status installed libldap-2.4-2:armhf 2.4.48+dfsg-1ubuntu1.2
2020-11-30 00:12:57 configure libcurl4:armhf 7.65.3-1ubuntu3.1 <none>
2020-11-30 00:12:57 status unpacked libcurl4:armhf 7.65.3-1ubuntu3.1
2020-11-30 00:12:57 status half-configured libcurl4:armhf 7.65.3-1ubuntu3.1
2020-11-30 00:12:57 status installed libcurl4:armhf 7.65.3-1ubuntu3.1
2020-11-30 00:12:57 trigproc libc-bin:arm64 2.30-0ubuntu2.2 <none>
2020-11-30 00:12:57 status half-configured libc-bin:arm64 2.30-0ubuntu2.2
2020-11-30 00:12:57 status installed libc-bin:arm64 2.30-0ubuntu2.2
2020-12-16 05:35:21 startup archives install
2020-12-16 05:35:23 install libmali-rk-bifrost-g31-rxp0-wayland-gbm:arm64 <none> 1.7-2+deb10
2020-12-16 05:35:23 status half-installed libmali-rk-bifrost-g31-rxp0-wayland-gbm:arm64 1.7-2+deb10
2020-12-16 05:35:34 status unpacked libmali-rk-bifrost-g31-rxp0-wayland-gbm:arm64 1.7-2+deb10
2020-12-16 05:35:34 upgrade libsdl2-2.0-0:arm64 2.0.10+dfsg1-1ubuntu1 2.0.10+dfsg1-1ubuntu1
2020-12-16 05:35:34 status triggers-pending libc-bin:arm64 2.30-0ubuntu2.2
2020-12-16 05:35:34 status half-configured libsdl2-2.0-0:arm64 2.0.10+dfsg1-1ubuntu1
2020-12-16 05:35:34 status unpacked libsdl2-2.0-0:arm64 2.0.10+dfsg1-1ubuntu1
2020-12-16 05:35:34 status half-installed libsdl2-2.0-0:arm64 2.0.10+dfsg1-1ubuntu1
2020-12-16 05:35:34 status unpacked libsdl2-2.0-0:arm64 2.0.10+dfsg1-1ubuntu1
2020-12-16 05:35:34 configure libmali-rk-bifrost-g31-rxp0-wayland-gbm:arm64 1.7-2+deb10 1.7-2+deb10
2020-12-16 05:35:34 status half-configured libmali-rk-bifrost-g31-rxp0-wayland-gbm:arm64 1.7-2+deb10
2020-12-16 05:35:34 status installed libmali-rk-bifrost-g31-rxp0-wayland-gbm:arm64 1.7-2+deb10
2020-12-16 05:35:34 configure libsdl2-2.0-0:arm64 2.0.10+dfsg1-1ubuntu1 2.0.10+dfsg1-1ubuntu1
2020-12-16 05:35:34 status half-configured libsdl2-2.0-0:arm64 2.0.10+dfsg1-1ubuntu1
2020-12-16 05:35:34 status installed libsdl2-2.0-0:arm64 2.0.10+dfsg1-1ubuntu1
2020-12-16 05:35:34 trigproc libc-bin:arm64 2.30-0ubuntu2.2 <none>
2020-12-16 05:35:34 status half-configured libc-bin:arm64 2.30-0ubuntu2.2
2020-12-16 05:35:35 status installed libc-bin:arm64 2.30-0ubuntu2.2
2020-12-19 01:37:10 startup archives install
2020-12-19 01:37:12 install linux-image-4.4.189-139502-g380eeff98d35:arm64 <none> 4.4.189-139502-g380eeff98d35-4
2020-12-19 01:37:12 status half-installed linux-image-4.4.189-139502-g380eeff98d35:arm64 4.4.189-139502-g380eeff98d35-4
2020-12-19 01:37:24 status unpacked linux-image-4.4.189-139502-g380eeff98d35:arm64 4.4.189-139502-g380eeff98d35-4
2020-12-19 01:37:24 configure linux-image-4.4.189-139502-g380eeff98d35:arm64 4.4.189-139502-g380eeff98d35-4 4.4.189-139502-g380eeff98d35-4
2020-12-19 01:37:24 status half-configured linux-image-4.4.189-139502-g380eeff98d35:arm64 4.4.189-139502-g380eeff98d35-4
2020-12-19 01:37:39 status installed linux-image-4.4.189-139502-g380eeff98d35:arm64 4.4.189-139502-g380eeff98d35-4
2020-12-19 01:43:28 startup archives unpack
2020-12-19 01:43:29 install libportaudio2:arm64 <none> 19.6.0-1
2020-12-19 01:43:29 status triggers-pending libc-bin:arm64 2.30-0ubuntu2.2
2020-12-19 01:43:29 status half-installed libportaudio2:arm64 19.6.0-1
2020-12-19 01:43:30 status unpacked libportaudio2:arm64 19.6.0-1
2020-12-19 01:43:30 install libsonic0:arm64 <none> 0.2.0-7
2020-12-19 01:43:30 status half-installed libsonic0:arm64 0.2.0-7
2020-12-19 01:43:30 status unpacked libsonic0:arm64 0.2.0-7
2020-12-19 01:43:30 install espeak-data:arm64 <none> 1.48.04+dfsg-7build1
2020-12-19 01:43:30 status half-installed espeak-data:arm64 1.48.04+dfsg-7build1
2020-12-19 01:43:32 status unpacked espeak-data:arm64 1.48.04+dfsg-7build1
2020-12-19 01:43:32 install libespeak1:arm64 <none> 1.48.04+dfsg-7build1
2020-12-19 01:43:32 status half-installed libespeak1:arm64 1.48.04+dfsg-7build1
2020-12-19 01:43:32 status unpacked libespeak1:arm64 1.48.04+dfsg-7build1
2020-12-19 01:43:32 install espeak:arm64 <none> 1.48.04+dfsg-7build1
2020-12-19 01:43:32 status half-installed espeak:arm64 1.48.04+dfsg-7build1
2020-12-19 01:43:32 status unpacked espeak:arm64 1.48.04+dfsg-7build1
2020-12-19 01:43:32 startup packages configure
2020-12-19 01:43:32 configure libportaudio2:arm64 19.6.0-1 <none>
2020-12-19 01:43:32 status unpacked libportaudio2:arm64 19.6.0-1
2020-12-19 01:43:32 status half-configured libportaudio2:arm64 19.6.0-1
2020-12-19 01:43:32 status installed libportaudio2:arm64 19.6.0-1
2020-12-19 01:43:32 configure libsonic0:arm64 0.2.0-7 <none>
2020-12-19 01:43:32 status unpacked libsonic0:arm64 0.2.0-7
2020-12-19 01:43:32 status half-configured libsonic0:arm64 0.2.0-7
2020-12-19 01:43:32 status installed libsonic0:arm64 0.2.0-7
2020-12-19 01:43:32 configure espeak-data:arm64 1.48.04+dfsg-7build1 <none>
2020-12-19 01:43:32 status unpacked espeak-data:arm64 1.48.04+dfsg-7build1
2020-12-19 01:43:32 status half-configured espeak-data:arm64 1.48.04+dfsg-7build1
2020-12-19 01:43:32 status installed espeak-data:arm64 1.48.04+dfsg-7build1
2020-12-19 01:43:32 configure libespeak1:arm64 1.48.04+dfsg-7build1 <none>
2020-12-19 01:43:32 status unpacked libespeak1:arm64 1.48.04+dfsg-7build1
2020-12-19 01:43:32 status half-configured libespeak1:arm64 1.48.04+dfsg-7build1
2020-12-19 01:43:32 status installed libespeak1:arm64 1.48.04+dfsg-7build1
2020-12-19 01:43:32 configure espeak:arm64 1.48.04+dfsg-7build1 <none>
2020-12-19 01:43:32 status unpacked espeak:arm64 1.48.04+dfsg-7build1
2020-12-19 01:43:32 status half-configured espeak:arm64 1.48.04+dfsg-7build1
2020-12-19 01:43:32 status installed espeak:arm64 1.48.04+dfsg-7build1
2020-12-19 01:43:32 trigproc libc-bin:arm64 2.30-0ubuntu2.2 <none>
2020-12-19 01:43:32 status half-configured libc-bin:arm64 2.30-0ubuntu2.2
2020-12-19 01:43:33 status installed libc-bin:arm64 2.30-0ubuntu2.2
2021-02-20 17:56:50 startup archives install
2021-02-20 17:57:39 install libsdl2-gfx-1.0-0:armhf <none> 1.0.4+dfsg-3
2021-02-20 17:57:39 status triggers-pending libc-bin:arm64 2.30-0ubuntu2.2
2021-02-20 17:57:40 status half-installed libsdl2-gfx-1.0-0:armhf 1.0.4+dfsg-3
2021-02-20 17:57:46 status unpacked libsdl2-gfx-1.0-0:armhf 1.0.4+dfsg-3
2021-02-20 17:57:48 configure libsdl2-gfx-1.0-0:armhf 1.0.4+dfsg-3 1.0.4+dfsg-3
2021-02-20 17:57:49 status half-configured libsdl2-gfx-1.0-0:armhf 1.0.4+dfsg-3
2021-02-20 17:57:49 status installed libsdl2-gfx-1.0-0:armhf 1.0.4+dfsg-3
2021-02-20 17:57:50 trigproc libc-bin:arm64 2.30-0ubuntu2.2 <none>
2021-02-20 17:57:50 status half-configured libc-bin:arm64 2.30-0ubuntu2.2
2021-02-20 17:57:59 status installed libc-bin:arm64 2.30-0ubuntu2.2
2021-02-20 18:03:14 startup archives install
2021-02-20 18:03:17 upgrade libsdl2-gfx-1.0-0:armhf 1.0.4+dfsg-3 1.0.4+dfsg-3
2021-02-20 18:03:17 status triggers-pending libc-bin:arm64 2.30-0ubuntu2.2
2021-02-20 18:03:18 status half-configured libsdl2-gfx-1.0-0:armhf 1.0.4+dfsg-3
2021-02-20 18:03:19 status unpacked libsdl2-gfx-1.0-0:armhf 1.0.4+dfsg-3
2021-02-20 18:03:20 status half-installed libsdl2-gfx-1.0-0:armhf 1.0.4+dfsg-3
2021-02-20 18:03:40 status unpacked libsdl2-gfx-1.0-0:armhf 1.0.4+dfsg-3
2021-02-20 18:03:42 configure libsdl2-gfx-1.0-0:armhf 1.0.4+dfsg-3 1.0.4+dfsg-3
2021-02-20 18:03:43 status half-configured libsdl2-gfx-1.0-0:armhf 1.0.4+dfsg-3
2021-02-20 18:03:44 status installed libsdl2-gfx-1.0-0:armhf 1.0.4+dfsg-3
2021-02-20 18:03:44 trigproc libc-bin:arm64 2.30-0ubuntu2.2 <none>
2021-02-20 18:03:44 status half-configured libc-bin:arm64 2.30-0ubuntu2.2
2021-02-20 18:03:53 status installed libc-bin:arm64 2.30-0ubuntu2.2
2021-04-30 20:53:12 startup archives unpack
2021-04-30 20:53:13 install brightness-udev:all <none> 0.4-2
2021-04-30 20:53:13 status half-installed brightness-udev:all 0.4-2
2021-04-30 20:53:13 status unpacked brightness-udev:all 0.4-2
2021-04-30 20:53:13 install brightnessctl:arm64 <none> 0.4-2
2021-04-30 20:53:13 status half-installed brightnessctl:arm64 0.4-2
2021-04-30 20:53:13 status unpacked brightnessctl:arm64 0.4-2
2021-04-30 20:53:14 startup packages configure
2021-04-30 20:53:14 configure brightness-udev:all 0.4-2 <none>
2021-04-30 20:53:14 status unpacked brightness-udev:all 0.4-2
2021-04-30 20:53:14 status half-configured brightness-udev:all 0.4-2
2021-04-30 20:53:14 status installed brightness-udev:all 0.4-2
2021-04-30 20:53:14 configure brightnessctl:arm64 0.4-2 <none>
2021-04-30 20:53:14 status unpacked brightnessctl:arm64 0.4-2
2021-04-30 20:53:14 status half-configured brightnessctl:arm64 0.4-2
2021-04-30 20:53:14 status installed brightnessctl:arm64 0.4-2
2021-04-30 20:55:15 startup archives unpack
2021-04-30 20:55:16 install libavresample4:arm64 <none> 7:4.1.4-1build2
2021-04-30 20:55:16 status triggers-pending libc-bin:arm64 2.30-0ubuntu2.2
2021-04-30 20:55:16 status half-installed libavresample4:arm64 7:4.1.4-1build2
2021-04-30 20:55:17 status unpacked libavresample4:arm64 7:4.1.4-1build2
2021-04-30 20:55:17 install ffmpeg:arm64 7:4.1.4-1build2 7:4.1.4-1build2
2021-04-30 20:55:17 status half-installed ffmpeg:armhf 7:4.1.4-1build2
2021-04-30 20:55:19 status unpacked ffmpeg:arm64 7:4.1.4-1build2
2021-04-30 20:55:20 startup packages configure
2021-04-30 20:55:20 configure libavresample4:arm64 7:4.1.4-1build2 <none>
2021-04-30 20:55:20 status unpacked libavresample4:arm64 7:4.1.4-1build2
2021-04-30 20:55:20 status half-configured libavresample4:arm64 7:4.1.4-1build2
2021-04-30 20:55:20 status installed libavresample4:arm64 7:4.1.4-1build2
2021-04-30 20:55:20 configure ffmpeg:arm64 7:4.1.4-1build2 <none>
2021-04-30 20:55:20 status unpacked ffmpeg:arm64 7:4.1.4-1build2
2021-04-30 20:55:20 status half-configured ffmpeg:arm64 7:4.1.4-1build2
2021-04-30 20:55:20 status installed ffmpeg:arm64 7:4.1.4-1build2
2021-04-30 20:55:20 trigproc libc-bin:arm64 2.30-0ubuntu2.2 <none>
2021-04-30 20:55:20 status half-configured libc-bin:arm64 2.30-0ubuntu2.2
2021-04-30 20:55:21 status installed libc-bin:arm64 2.30-0ubuntu2.2
